\BOOKMARK [1][-]{section.1}{\376\377\000I\000n\000t\000r\000o\000d\000u\000c\000c\000i\000\363\000\040\000a\000\040\000l\000a\000\040\000P\000r\000o\000b\000a\000b\000i\000l\000i\000t\000a\000t}{}% 1
\BOOKMARK [2][-]{subsection.1.1}{\376\377\000S\000i\000g\000n\000i\000f\000i\000c\000a\000t\000\040\000d\000e\000\040\000l\000a\000\040\000P\000r\000o\000b\000a\000b\000i\000l\000i\000t\000a\000t}{section.1}% 2
\BOOKMARK [2][-]{subsection.1.2}{\376\377\000C\000o\000n\000c\000e\000p\000t\000e\000s\000\040\000B\000\340\000s\000i\000c\000s}{section.1}% 3
\BOOKMARK [3][-]{subsubsection.1.2.1}{\376\377\000E\000x\000p\000e\000r\000i\000m\000e\000n\000t\000\040\000A\000l\000e\000a\000t\000o\000r\000i}{subsection.1.2}% 4
\BOOKMARK [3][-]{subsubsection.1.2.2}{\376\377\000E\000s\000p\000a\000i\000\040\000M\000o\000s\000t\000r\000a\000l}{subsection.1.2}% 5
\BOOKMARK [3][-]{subsubsection.1.2.3}{\376\377\000E\000s\000d\000e\000v\000e\000n\000i\000m\000e\000n\000t\000\040\000A\000l\000e\000a\000t\000o\000r\000i}{subsection.1.2}% 6
\BOOKMARK [3][-]{subsubsection.1.2.4}{\376\377\000P\000r\000o\000p\000i\000e\000t\000a\000t\000s}{subsection.1.2}% 7
\BOOKMARK [3][-]{subsubsection.1.2.5}{\376\377\000F\000a\000c\000t\000o\000r\000i\000a\000l}{subsection.1.2}% 8
\BOOKMARK [2][-]{subsection.1.3}{\376\377\000C\000o\000m\000b\000i\000n\000a\000t\000\362\000r\000i\000a}{section.1}% 9
\BOOKMARK [3][-]{subsubsection.1.3.1}{\376\377\000L\000a\000\040\000r\000e\000g\000l\000a\000\040\000d\000e\000l\000\040\000p\000r\000o\000d\000u\000c\000t\000e}{subsection.1.3}% 10
\BOOKMARK [3][-]{subsubsection.1.3.2}{\376\377\000T\000\350\000c\000n\000i\000q\000u\000e\000s\000\040\000p\000e\000r\000\040\000c\000o\000m\000p\000t\000a\000r}{subsection.1.3}% 11
\BOOKMARK [2][-]{subsection.1.4}{\376\377\000P\000r\000o\000b\000a\000b\000i\000l\000i\000t\000a\000t\000\040\000C\000o\000n\000d\000i\000c\000i\000o\000n\000a\000d\000a}{section.1}% 12
\BOOKMARK [3][-]{subsubsection.1.4.1}{\376\377\000E\000s\000d\000e\000v\000e\000n\000i\000m\000e\000n\000t\000s\000\040\000I\000n\000d\000e\000p\000e\000n\000d\000e\000n\000t\000s}{subsection.1.4}% 13
\BOOKMARK [3][-]{subsubsection.1.4.2}{\376\377\000E\000s\000d\000e\000v\000e\000n\000i\000m\000e\000n\000t\000s\000\040\000D\000e\000p\000e\000n\000d\000e\000n\000t\000s}{subsection.1.4}% 14
\BOOKMARK [2][-]{subsection.1.5}{\376\377\000T\000e\000o\000r\000e\000m\000e\000s}{section.1}% 15
\BOOKMARK [3][-]{subsubsection.1.5.1}{\376\377\000T\000e\000o\000r\000e\000m\000a\000\040\000d\000e\000\040\000l\000a\000\040\000P\000r\000o\000b\000a\000b\000i\000l\000i\000t\000a\000t\000\040\000T\000o\000t\000a\000l}{subsection.1.5}% 16
\BOOKMARK [3][-]{subsubsection.1.5.2}{\376\377\000T\000e\000o\000r\000e\000m\000a\000\040\000d\000e\000\040\000B\000a\000y\000e\000s}{subsection.1.5}% 17
\BOOKMARK [1][-]{section.2}{\376\377\000V\000a\000r\000i\000a\000b\000l\000e\000s\000\040\000A\000l\000e\000a\000t\000\362\000r\000i\000e\000s}{}% 18
\BOOKMARK [2][-]{subsection.2.1}{\376\377\000D\000e\000f\000i\000n\000i\000c\000i\000\363}{section.2}% 19
\BOOKMARK [2][-]{subsection.2.2}{\376\377\000F\000u\000n\000c\000i\000\363\000\040\000d\000e\000\040\000D\000i\000s\000t\000r\000i\000b\000u\000c\000i\000\363\000\040\000A\000c\000u\000m\000u\000l\000a\000d\000a\000\040\000\050\000F\000D\000A\000\051}{section.2}% 20
\BOOKMARK [2][-]{subsection.2.3}{\376\377\000F\000u\000n\000c\000i\000\363\000\040\000d\000e\000\040\000D\000e\000n\000s\000i\000t\000a\000t\000\040\000d\000e\000\040\000P\000r\000o\000b\000a\000b\000i\000l\000i\000t\000a\000t\000\040\000\050\000F\000D\000P\000\051}{section.2}% 21
\BOOKMARK [2][-]{subsection.2.4}{\376\377\000V\000a\000r\000i\000a\000b\000l\000e\000s\000\040\000a\000l\000e\000a\000t\000\362\000r\000i\000e\000s\000\040\000d\000i\000s\000c\000r\000e\000t\000e\000s}{section.2}% 22
\BOOKMARK [3][-]{subsubsection.2.4.1}{\376\377\000B\000e\000r\000n\000o\000u\000l\000l\000i}{subsection.2.4}% 23
\BOOKMARK [3][-]{subsubsection.2.4.2}{\376\377\000B\000i\000n\000o\000m\000i\000a\000l}{subsection.2.4}% 24
\BOOKMARK [3][-]{subsubsection.2.4.3}{\376\377\000H\000i\000p\000e\000r\000g\000e\000o\000m\000\350\000t\000r\000i\000c\000a}{subsection.2.4}% 25
\BOOKMARK [3][-]{subsubsection.2.4.4}{\376\377\000G\000e\000o\000m\000\350\000t\000r\000i\000c\000a}{subsection.2.4}% 26
\BOOKMARK [3][-]{subsubsection.2.4.5}{\376\377\000P\000o\000i\000s\000s\000o\000n}{subsection.2.4}% 27
\BOOKMARK [2][-]{subsection.2.5}{\376\377\000F\000D\000A\000\040\000y\000\040\000F\000D\000P\000\040\000C\000o\000n\000d\000i\000c\000i\000o\000n\000a\000d\000a\000s}{section.2}% 28
\BOOKMARK [2][-]{subsection.2.6}{\376\377\000V\000a\000r\000i\000a\000b\000l\000e\000s\000\040\000a\000l\000e\000a\000t\000\362\000r\000i\000e\000s\000\040\000d\000i\000s\000c\000r\000e\000t\000e\000s\000\040\000c\000o\000m\000u\000n\000s}{section.2}% 29
\BOOKMARK [2][-]{subsection.2.7}{\376\377\000V\000a\000r\000i\000a\000b\000l\000e\000s\000\040\000a\000l\000e\000a\000t\000\362\000r\000i\000e\000s\000\040\000c\000o\000n\000t\000i\000n\000u\000e\000s\000\040\000c\000o\000m\000u\000n\000s}{section.2}% 30
\BOOKMARK [1][-]{section.3}{\376\377\000P\000a\000r\000\340\000m\000e\000t\000r\000e\000s\000\040\000E\000s\000t\000a\000d\000\355\000s\000t\000i\000c\000s}{}% 31
\BOOKMARK [1][-]{section.4}{\376\377\000A\000p\000\350\000n\000d\000i\000x}{}% 32
\BOOKMARK [2][-]{subsection.4.1}{\376\377\000S\000e\000r\000i\000e\000s}{section.4}% 33
\BOOKMARK [3][-]{subsubsection.4.1.1}{\376\377\000S\000e\000r\000i\000e\000\040\000A\000r\000i\000t\000m\000\350\000t\000i\000c\000a}{subsection.4.1}% 34
\BOOKMARK [3][-]{subsubsection.4.1.2}{\376\377\000S\000e\000r\000i\000e\000\040\000G\000e\000o\000m\000\350\000t\000r\000i\000c\000a}{subsection.4.1}% 35
\BOOKMARK [2][-]{subsection.4.2}{\376\377\000F\000u\000n\000c\000i\000o\000n\000s}{section.4}% 36
\BOOKMARK [3][-]{subsubsection.4.2.1}{\376\377\000H\000e\000a\000v\000i\000s\000i\000d\000e}{subsection.4.2}% 37
